Arguments: 
  /usr/local/Cellar/node/8.9.1/bin/node /usr/local/Cellar/yarn/1.3.2/libexec/bin/yarn.js install

PATH: 
  /Users/david/Downloads/google-cloud-sdk/bin:/usr/local/bin:/usr/bin:/bin:/usr/sbin:/sbin:/opt/X11/bin:/Users/david/Downloads/google-cloud-sdk/bin

Yarn version: 
  1.3.2

Node version: 
  8.9.1

Platform: 
  darwin x64

npm manifest: 
  {
    "name": "@gotenxds/stringify-mongoose-schema",
    "version": "1.0.0",
    "description": "",
    "main": "index.js",
    "author": "David maurcher limkys - gotenxds",
    "license": "MIT",
    "dependencies": {
      "lodash.findkey": "^4.6.0",
      "lodash.isarray": "^4.0.0",
      "lodash.isplainobject": "^4.0.6",
      "lodash.isstring": "^4.0.1",
      "lodash.map": "^4.6.0",
      "lodash.omit": "^4.5.0",
    }
  }

yarn manifest: 
  No manifest

Lockfile: 
  No lockfile

Trace: 
  SyntaxError: /Users/david/proj/stringify-mongoose-schema/package.json: Unexpected token } in JSON at position 398
      at JSON.parse (<anonymous>)
      at /usr/local/Cellar/yarn/1.3.2/libexec/lib/cli.js:770:59
      at Generator.next (<anonymous>)
      at step (/usr/local/Cellar/yarn/1.3.2/libexec/lib/cli.js:92:30)
      at /usr/local/Cellar/yarn/1.3.2/libexec/lib/cli.js:103:13
      at <anonymous>
